<?xml version="1.0" encoding="UTF-8"?>
<!-- Generated by org.testng.reporters.JUnitReportReporter -->
<testsuite hostname="DESKTOP-1ODSTUU" failures="0" tests="6" name="test.QafoxTest" time="177.888" errors="0" timestamp="2025-03-28T00:55:25 IST" skipped="0">
  <testcase classname="test.QafoxTest" name="testHomePage" time="47.460"/>
  <testcase classname="test.QafoxTest" name="testRegister" time="36.771"/>
  <testcase classname="test.QafoxTest" name="testLogin" time="13.751"/>
  <testcase classname="test.QafoxTest" name="testForgotPassword" time="15.248"/>
  <testcase classname="test.QafoxTest" name="testSearch" time="28.700"/>
  <testcase classname="test.QafoxTest" name="testCategoryNavigation" time="35.958"/>
</testsuite> <!-- test.QafoxTest -->
