<?xml version="1.0" encoding="UTF-8"?>
<!-- Generated by org.testng.reporters.JUnitReportReporter -->
<testsuite hostname="DESKTOP-1ODSTUU" failures="0" tests="4" name="Test.search" time="30.875" errors="0" timestamp="2025-03-13T11:36:05 IST" skipped="0">
  <testcase classname="Test.search" name="Loaptop" time="8.493"/>
  <testcase classname="Test.search" name="Mobile" time="6.839"/>
  <testcase classname="Test.search" name="book" time="8.695"/>
  <testcase classname="Test.search" name="charger" time="6.848"/>
</testsuite> <!-- Test.search -->
