<?xml version="1.0" encoding="UTF-8"?>
<!-- Generated by org.testng.reporters.JUnitReportReporter -->
<testsuite hostname="DESKTOP-1ODSTUU" failures="0" tests="2" name="TestNG.Loginaap" time="0.022" errors="0" timestamp="2025-01-24T21:45:40 IST" skipped="0">
  <testcase classname="TestNG.Loginaap" name="openapp" time="0.001"/>
  <system-out/>
  <testcase classname="TestNG.Loginaap" name="Login" time="0.021"/>
  <system-out/>
</testsuite> <!-- TestNG.Loginaap -->
