<?xml version="1.0" encoding="UTF-8"?>
<!-- Generated by org.testng.reporters.JUnitReportReporter -->
<testsuite hostname="DESKTOP-1ODSTUU" failures="0" tests="3" name="TestNG.HomePageTest" time="0.673" errors="0" timestamp="2025-01-26T02:27:38 IST" skipped="0">
  <testcase classname="TestNG.HomePageTest" name="validateHomePageTitle" time="0.070"/>
  <system-out/>
  <testcase classname="TestNG.HomePageTest" name="validateRadioButton" time="0.296"/>
  <system-out/>
  <testcase classname="TestNG.HomePageTest" name="validateSuggestionBox" time="0.307"/>
  <system-out/>
</testsuite> <!-- TestNG.HomePageTest -->
