<?xml version="1.0" encoding="UTF-8"?>
<!-- Generated by org.testng.reporters.JUnitReportReporter -->
<testsuite hostname="DESKTOP-1ODSTUU" failures="0" tests="2" name="TestRunner.testrun" time="7.639" errors="0" timestamp="2025-03-12T12:27:42 IST" skipped="0">
  <testcase classname="TestRunner.testrun" name="runScenario" time="4.638"/>
  <testcase classname="TestRunner.testrun" name="runScenario" time="3.001"/>
</testsuite> <!-- TestRunner.testrun -->
