<?xml version="1.0" encoding="UTF-8"?>
<!-- Generated by org.testng.reporters.JUnitReportReporter -->
<testsuite hostname="DESKTOP-1ODSTUU" failures="0" tests="1" name="TestNg.youtubeTest" time="0.009" errors="0" timestamp="2025-01-31T15:33:13 IST" skipped="0">
  <testcase classname="TestNg.youtubeTest" name="test" time="0.009"/>
  <system-out/>
</testsuite> <!-- TestNg.youtubeTest -->
