<?xml version="1.0" encoding="UTF-8"?>
<!-- Generated by org.testng.reporters.JUnitReportReporter -->
<testsuite hostname="DESKTOP-1ODSTUU" failures="0" tests="1" name="TestNg.sample" time="4.594" errors="0" timestamp="2025-01-31T15:33:13 IST" skipped="0">
  <testcase classname="TestNg.sample" name="logintest" time="4.594"/>
  <system-out/>
</testsuite> <!-- TestNg.sample -->
