<?xml version="1.0" encoding="UTF-8"?>
<!-- Generated by org.testng.reporters.JUnitReportReporter -->
<testsuite hostname="DESKTOP-1ODSTUU" failures="0" tests="3" name="TestNg.dataprovider" time="0.044" errors="0" timestamp="2025-01-31T15:33:13 IST" skipped="0">
  <testcase classname="TestNg.dataprovider" name="matrix" time="0.005"/>
  <system-out/>
  <testcase classname="TestNg.dataprovider" name="matrix" time="0.035"/>
  <system-out/>
  <testcase classname="TestNg.dataprovider" name="matrix" time="0.004"/>
  <system-out/>
</testsuite> <!-- TestNg.dataprovider -->
