<?xml version="1.0" encoding="UTF-8"?>
<!-- Generated by org.testng.reporters.JUnitReportReporter -->
<testsuite hostname="DESKTOP-1ODSTUU" failures="0" tests="2" name="TestNg.newclass" time="0.014" errors="0" timestamp="2025-01-31T15:33:14 IST" skipped="0">
  <testcase classname="TestNg.newclass" name="login" time="0.008"/>
  <system-out/>
  <testcase classname="TestNg.newclass" name="search" time="0.006"/>
  <system-out/>
</testsuite> <!-- TestNg.newclass -->
