<?xml version="1.0" encoding="UTF-8"?>
<!-- Generated by org.testng.reporters.JUnitReportReporter -->
<testsuite hostname="DESKTOP-1ODSTUU" failures="0" tests="6" name="TestNg.class2" time="0.113" errors="0" timestamp="2025-01-31T15:33:13 IST" skipped="0">
  <testcase classname="TestNg.class2" name="userregistration" time="0.052"/>
  <system-out/>
  <testcase classname="TestNg.class2" name="login" time="0.005"/>
  <system-out/>
  <testcase classname="TestNg.class2" name="homepage" time="0.033"/>
  <system-out/>
  <testcase classname="TestNg.class2" name="search" time="0.013"/>
  <system-out/>
  <testcase classname="TestNg.class2" name="validating" time="0.004"/>
  <system-out/>
  <testcase classname="TestNg.class2" name="logout" time="0.006"/>
  <system-out/>
</testsuite> <!-- TestNg.class2 -->
